######################################################################
2015-08-19 08:43:37.759 Log file saved as '/EMSShare/tibco/ems/logs/tibemsd1.log.3'
2015-08-19 08:43:37.759 Log file restarted
######################################################################
2015-08-19 08:43:37.759 Log file '/EMSShare/tibco/ems/logs/tibemsd1.log' saved as '/EMSShare/tibco/ems/logs/tibemsd1.log.3' and restarted
2015-08-19 08:43:41.401 [cep@idc-bwap01p]: connect failed: server in standby mode
2015-08-19 08:44:01.766 [cep@idc-bwap02p]: connect failed: server in standby mode
2015-08-19 08:44:38.746 [cep@idc-bwap04p]: connect failed: server in standby mode
2015-08-19 08:44:39.441 [esdpadmin@seth]: connect failed: server in standby mode
2015-08-19 08:44:42.414 [cep@idc-bwap01p]: connect failed: server in standby mode
2015-08-19 15:20:13.750 Missing heartbeats from primary server 'tcp://10.68.57.222:27222'.
2015-08-19 15:20:14.629 ERROR: Slow clock tick 13, delayed messaging and timeouts may occur.
2015-08-19 15:20:14.629 Server activating on failure of 'tcp://10.68.57.222:27222'.
2015-08-19 15:20:14.629 Server rereading configuration.
2015-08-19 15:20:14.632 WARNING: Configuration warning: file=/EMSShare/tibco/ems/conf/routes.conf, line=51: route 'To27222' does not have a user configured for authorization.
2015-08-19 15:20:14.632 WARNING: Configuration warning: file=/EMSShare/tibco/ems/conf/routes.conf, line=52: route 'To27222' does not have a user configured for authorization.
2015-08-19 15:20:14.632 WARNING: Configuration warning: file=/EMSShare/tibco/ems/conf/routes.conf, line=53: route 'To27222' does not have a user configured for authorization.
2015-08-19 15:20:14.632 Recovering state, please wait.
2015-08-19 15:20:14.634 ERROR: Unable to open store file '/EMSShare/tibco/ems/datafile/async-msgs.db', file may be locked.
2015-08-19 15:20:14.634 ERROR: Unable to open store file '/EMSShare/tibco/ems/datafile/meta.db', file may be locked.
2015-08-19 15:20:14.634 ERROR: Unable to open store file '/EMSShare/tibco/ems/datafile/queuelog.db', file may be locked.
2015-08-19 15:20:14.634 ERROR: Unable to open store file '/EMSShare/tibco/ems/datafile/sync-msgs.db', file may be locked.
2015-08-19 15:20:14.635 ERROR: Server failed to recover state.
2015-08-19 15:20:14.635 Server is re-entering standby mode.
2015-11-10 18:57:15.203 Expired 1 message.
2015-11-10 18:58:14.972 Expired 1 message.
2015-11-10 18:59:14.831 [admin@RPC12050055]: purged queue 'queue.log'
2015-11-10 18:59:16.005 Expired 1 message.
2015-11-10 18:59:16.005 Purged 715909 queue messages.
2015-11-10 19:00:16.985 Expired 1 message.
2015-11-10 19:01:13.167 Server shutting down.
2015-11-10 19:01:13.237 Shutdown complete.


TIBCO Enterprise Message Service.
Copyright 2003-2012 by TIBCO Software Inc.
All rights reserved.

Version 7.0.0 V12 7/28/2012

2015-11-10 19:01:27.654 Process started from './tibemsd64'.
2015-11-10 19:01:27.654 Process Id: 27658
2015-11-10 19:01:27.654 Hostname: idc-emsap01p
2015-11-10 19:01:27.654 Hostname IP address: 10.68.57.221
2015-11-10 19:01:27.654 Reading configuration from '/EMSShare/tibco/ems/conf/tibemsd1.conf'.
2015-11-10 19:01:27.654 Logging into file '/EMSShare/tibco/ems/logs/tibemsd1.log'
2015-11-10 19:01:27.655 Server name: 'EMS-FET-PRD'.
2015-11-10 19:01:27.655 Storage Location: '.'.
2015-11-10 19:01:27.655 Routing is disabled.
2015-11-10 19:01:27.655 Routing is disabled.
